# JRE version: Java(TM) SE Runtime Environment (8.0_144-b01) (build 1.8.0_144-b01)
# Java VM: Java HotSpot(TM) 64-Bit Server VM (25.144-b01 mixed mode windows-amd64 compressed oops)
Heap:
 PSYoungGen      total 146432K, used 18514K [0x00000000d5b80000, 0x00000000df980000, 0x0000000100000000)
  eden space 132608K, 6% used [0x00000000d5b80000,0x00000000d635eb50,0x00000000ddd00000)
  from space 13824K, 75% used [0x00000000deb00000,0x00000000df536010,0x00000000df880000)
  to   space 14336K, 0% used [0x00000000ddd00000,0x00000000ddd00000,0x00000000deb00000)
 ParOldGen       total 87552K, used 17837K [0x0000000081200000, 0x0000000086780000, 0x00000000d5b80000)
  object space 87552K, 20% used [0x0000000081200000,0x000000008236b6c0,0x0000000086780000)
 Metaspace       used 15865K, capacity 16132K, committed 16256K, reserved 1062912K
  class space    used 1834K, capacity 1920K, committed 1920K, reserved 1048576K
GC Heap History (10 events):
Event: 2.394 GC heap before
{Heap before GC invocations=2 (full 0):
 PSYoungGen      total 38400K, used 38108K [0x00000000d5b80000, 0x00000000d8600000, 0x0000000100000000)
  eden space 33280K, 100% used [0x00000000d5b80000,0x00000000d7c00000,0x00000000d7c00000)
  from space 5120K, 94% used [0x00000000d7c00000,0x00000000d80b70a8,0x00000000d8100000)
  to   space 5120K, 0% used [0x00000000d8100000,0x00000000d8100000,0x00000000d8600000)
 ParOldGen       total 87552K, used 8K [0x0000000081200000, 0x0000000086780000, 0x00000000d5b80000)
  object space 87552K, 0% used [0x0000000081200000,0x0000000081202000,0x0000000086780000)
 Metaspace       used 11837K, capacity 12090K, committed 12416K, reserved 1060864K
  class space    used 1490K, capacity 1577K, committed 1664K, reserved 1048576K
Event: 2.404 GC heap after
Heap after GC invocations=2 (full 0):
 PSYoungGen      total 38400K, used 5099K [0x00000000d5b80000, 0x00000000d8600000, 0x0000000100000000)
  eden space 33280K, 0% used [0x00000000d5b80000,0x00000000d5b80000,0x00000000d7c00000)
  from space 5120K, 99% used [0x00000000d8100000,0x00000000d85facf8,0x00000000d8600000)
  to   space 5120K, 0% used [0x00000000d7c00000,0x00000000d7c00000,0x00000000d8100000)
 ParOldGen       total 87552K, used 2443K [0x0000000081200000, 0x0000000086780000, 0x00000000d5b80000)
  object space 87552K, 2% used [0x0000000081200000,0x0000000081462f48,0x0000000086780000)
 Metaspace       used 11837K, capacity 12090K, committed 12416K, reserved 1060864K
  class space    used 1490K, capacity 1577K, committed 1664K, reserved 1048576K
}
Event: 3.697 GC heap before
{Heap before GC invocations=3 (full 0):
 PSYoungGen      total 38400K, used 38379K [0x00000000d5b80000, 0x00000000d8600000, 0x0000000100000000)
  eden space 33280K, 100% used [0x00000000d5b80000,0x00000000d7c00000,0x00000000d7c00000)
  from space 5120K, 99% used [0x00000000d8100000,0x00000000d85facf8,0x00000000d8600000)
  to   space 5120K, 0% used [0x00000000d7c00000,0x00000000d7c00000,0x00000000d8100000)
 ParOldGen       total 87552K, used 2443K [0x0000000081200000, 0x0000000086780000, 0x00000000d5b80000)
  object space 87552K, 2% used [0x0000000081200000,0x0000000081462f48,0x0000000086780000)
 Metaspace       used 14499K, capacity 14772K, committed 14976K, reserved 1062912K
  class space    used 1778K, capacity 1880K, committed 1920K, reserved 1048576K
Event: 3.715 GC heap after
Heap after GC invocations=3 (full 0):
 PSYoungGen      total 38400K, used 5096K [0x00000000d5b80000, 0x00000000da680000, 0x0000000100000000)
  eden space 33280K, 0% used [0x00000000d5b80000,0x00000000d5b80000,0x00000000d7c00000)
  from space 5120K, 99% used [0x00000000d7c00000,0x00000000d80fa040,0x00000000d8100000)
  to   space 5120K, 0% used [0x00000000da180000,0x00000000da180000,0x00000000da680000)
 ParOldGen       total 87552K, used 6337K [0x0000000081200000, 0x0000000086780000, 0x00000000d5b80000)
  object space 87552K, 7% used [0x0000000081200000,0x00000000818305f8,0x0000000086780000)
 Metaspace       used 14499K, capacity 14772K, committed 14976K, reserved 1062912K
  class space    used 1778K, capacity 1880K, committed 1920K, reserved 1048576K
}
Event: 4.586 GC heap before
{Heap before GC invocations=4 (full 0):
 PSYoungGen      total 38400K, used 38376K [0x00000000d5b80000, 0x00000000da680000, 0x0000000100000000)
  eden space 33280K, 100% used [0x00000000d5b80000,0x00000000d7c00000,0x00000000d7c00000)
  from space 5120K, 99% used [0x00000000d7c00000,0x00000000d80fa040,0x00000000d8100000)
  to   space 5120K, 0% used [0x00000000da180000,0x00000000da180000,0x00000000da680000)
 ParOldGen       total 87552K, used 6337K [0x0000000081200000, 0x0000000086780000, 0x00000000d5b80000)
  object space 87552K, 7% used [0x0000000081200000,0x00000000818305f8,0x0000000086780000)
 Metaspace       used 15045K, capacity 15322K, committed 15488K, reserved 1062912K
  class space    used 1812K, capacity 1913K, committed 1920K, reserved 1048576K
Event: 4.609 GC heap after
Heap after GC invocations=4 (full 0):
 PSYoungGen      total 71680K, used 5112K [0x00000000d5b80000, 0x00000000da680000, 0x0000000100000000)
  eden space 66560K, 0% used [0x00000000d5b80000,0x00000000d5b80000,0x00000000d9c80000)
  from space 5120K, 99% used [0x00000000da180000,0x00000000da67e050,0x00000000da680000)
  to   space 5120K, 0% used [0x00000000d9c80000,0x00000000d9c80000,0x00000000da180000)
 ParOldGen       total 87552K, used 11441K [0x0000000081200000, 0x0000000086780000, 0x00000000d5b80000)
  object space 87552K, 13% used [0x0000000081200000,0x0000000081d2c690,0x0000000086780000)
 Metaspace       used 15045K, capacity 15322K, committed 15488K, reserved 1062912K
  class space    used 1812K, capacity 1913K, committed 1920K, reserved 1048576K
}
Event: 6.179 GC heap before
{Heap before GC invocations=5 (full 0):
 PSYoungGen      total 71680K, used 71672K [0x00000000d5b80000, 0x00000000da680000, 0x0000000100000000)
  eden space 66560K, 100% used [0x00000000d5b80000,0x00000000d9c80000,0x00000000d9c80000)
  from space 5120K, 99% used [0x00000000da180000,0x00000000da67e050,0x00000000da680000)
  to   space 5120K, 0% used [0x00000000d9c80000,0x00000000d9c80000,0x00000000da180000)
 ParOldGen       total 87552K, used 11441K [0x0000000081200000, 0x0000000086780000, 0x00000000d5b80000)
  object space 87552K, 13% used [0x0000000081200000,0x0000000081d2c690,0x0000000086780000)
 Metaspace       used 15432K, capacity 15730K, committed 16000K, reserved 1062912K
  class space    used 1819K, capacity 1917K, committed 1920K, reserved 1048576K
Event: 6.205 GC heap after
Heap after GC invocations=5 (full 0):
 PSYoungGen      total 71680K, used 5112K [0x00000000d5b80000, 0x00000000df880000, 0x0000000100000000)
  eden space 66560K, 0% used [0x00000000d5b80000,0x00000000d5b80000,0x00000000d9c80000)
  from space 5120K, 99% used [0x00000000d9c80000,0x00000000da17e030,0x00000000da180000)
  to   space 13824K, 0% used [0x00000000deb00000,0x00000000deb00000,0x00000000df880000)
 ParOldGen       total 87552K, used 17837K [0x0000000081200000, 0x0000000086780000, 0x00000000d5b80000)
  object space 87552K, 20% used [0x0000000081200000,0x000000008236b6c0,0x0000000086780000)
 Metaspace       used 15432K, capacity 15730K, committed 16000K, reserved 1062912K
  class space    used 1819K, capacity 1917K, committed 1920K, reserved 1048576K
}
Event: 7.621 GC heap before
{Heap before GC invocations=6 (full 0):
 PSYoungGen      total 71680K, used 71672K [0x00000000d5b80000, 0x00000000df880000, 0x0000000100000000)
  eden space 66560K, 100% used [0x00000000d5b80000,0x00000000d9c80000,0x00000000d9c80000)
  from space 5120K, 99% used [0x00000000d9c80000,0x00000000da17e030,0x00000000da180000)
  to   space 13824K, 0% used [0x00000000deb00000,0x00000000deb00000,0x00000000df880000)
 ParOldGen       total 87552K, used 17837K [0x0000000081200000, 0x0000000086780000, 0x00000000d5b80000)
  object space 87552K, 20% used [0x0000000081200000,0x000000008236b6c0,0x0000000086780000)
 Metaspace       used 15821K, capacity 16132K, committed 16256K, reserved 1062912K
  class space    used 1833K, capacity 1920K, committed 1920K, reserved 1048576K
Event: 7.647 GC heap after
Heap after GC invocations=6 (full 0):
 PSYoungGen      total 146432K, used 10456K [0x00000000d5b80000, 0x00000000df980000, 0x0000000100000000)
  eden space 132608K, 0% used [0x00000000d5b80000,0x00000000d5b80000,0x00000000ddd00000)
  from space 13824K, 75% used [0x00000000deb00000,0x00000000df536010,0x00000000df880000)
  to   space 14336K, 0% used [0x00000000ddd00000,0x00000000ddd00000,0x00000000deb00000)
 ParOldGen       total 87552K, used 17837K [0x0000000081200000, 0x0000000086780000, 0x00000000d5b80000)
  object space 87552K, 20% used [0x0000000081200000,0x000000008236b6c0,0x0000000086780000)
 Metaspace       used 15821K, capacity 16132K, committed 16256K, reserved 1062912K
  class space    used 1833K, capacity 1920K, committed 1920K, reserved 1048576K
}

